<?xml version="1.0" encoding="UTF-8"?>
<!-- Generated by org.testng.reporters.JUnitReportReporter -->
<testsuite hostname="DESKTOP-G5S1Q7S" name="RestApiPractice.GetRealRequest" tests="1" failures="0" timestamp="4 Jan 2020 11:22:27 GMT" time="4.621" errors="0">
  <testcase name="fetchCountryDetails" time="4.621" classname="RestApiPractice.GetRealRequest"/>
</testsuite> <!-- RestApiPractice.GetRealRequest -->
