<?xml version="1.0" encoding="UTF-8"?>
<!-- Generated by org.testng.reporters.JUnitReportReporter -->
<testsuite hostname="DESKTOP-G5S1Q7S" name="RestApiPractice.CheckHeaderAssertion" tests="1" failures="0" timestamp="12 Jan 2020 05:37:37 GMT" time="2.881" errors="0">
  <testcase name="assertionTest" time="2.881" classname="RestApiPractice.CheckHeaderAssertion"/>
</testsuite> <!-- RestApiPractice.CheckHeaderAssertion -->
