<?xml version="1.0" encoding="UTF-8"?>
<!-- Generated by org.testng.reporters.JUnitReportReporter -->
<testsuite hostname="DESKTOP-G5S1Q7S" name="RestApiPractice.FetchAllCurenInobject" tests="1" failures="0" timestamp="13 Jan 2020 16:59:35 GMT" time="3.190" errors="0">
  <testcase name="checkCurrencyObj" time="3.190" classname="RestApiPractice.FetchAllCurenInobject"/>
</testsuite> <!-- RestApiPractice.FetchAllCurenInobject -->
