<?xml version="1.0" encoding="UTF-8"?>
<!-- Generated by org.testng.reporters.JUnitReportReporter -->
<testsuite hostname="DESKTOP-G5S1Q7S" name="RestApiPractice.GetRequest" tests="1" failures="0" timestamp="4 Jan 2020 08:58:20 GMT" time="2.007" errors="0">
  <testcase name="fetchdata" time="2.007" classname="RestApiPractice.GetRequest"/>
</testsuite> <!-- RestApiPractice.GetRequest -->
