<?xml version="1.0" encoding="UTF-8"?>
<!-- Generated by org.testng.reporters.JUnitReportReporter -->
<testsuite hostname="DESKTOP-G5S1Q7S" name="RestApiPractice.CheckResponseTime" tests="1" failures="0" timestamp="12 Jan 2020 06:03:36 GMT" time="1.814" errors="0">
  <testcase name="assertionTestForRespTime" time="1.814" classname="RestApiPractice.CheckResponseTime"/>
</testsuite> <!-- RestApiPractice.CheckResponseTime -->
