<?xml version="1.0" encoding="UTF-8"?>
<!-- Generated by org.testng.reporters.JUnitReportReporter -->
<testsuite hostname="DESKTOP-G5S1Q7S" name="RestApiPractice.Multipleparameters" tests="1" failures="0" timestamp="5 Jan 2020 10:37:55 GMT" time="4.367" errors="0">
  <testcase name="checkparameter" time="4.367" classname="RestApiPractice.Multipleparameters"/>
</testsuite> <!-- RestApiPractice.Multipleparameters -->
