<?xml version="1.0" encoding="UTF-8"?>
<!-- Generated by org.testng.reporters.JUnitReportReporter -->
<testsuite hostname="DESKTOP-G5S1Q7S" name="RestApiPractice.assertTestAllheaders" tests="1" failures="0" timestamp="11 Jan 2020 04:41:37 GMT" time="3.812" errors="0">
  <testcase name="assertionTestForRespTime" time="3.812" classname="RestApiPractice.assertTestAllheaders"/>
</testsuite> <!-- RestApiPractice.assertTestAllheaders -->
