<?xml version="1.0" encoding="UTF-8"?>
<!-- Generated by org.testng.reporters.JUnitReportReporter -->
<testsuite hostname="DESKTOP-G5S1Q7S" name="RestApiPractice.PatchRequest" tests="1" failures="0" timestamp="4 Jan 2020 08:59:49 GMT" time="2.247" errors="0">
  <testcase name="addData" time="2.247" classname="RestApiPractice.PatchRequest"/>
</testsuite> <!-- RestApiPractice.PatchRequest -->
