<?xml version="1.0" encoding="UTF-8"?>
<!-- Generated by org.testng.reporters.JUnitReportReporter -->
<testsuite hostname="DESKTOP-G5S1Q7S" name="RestApiPractice.SpecificCurrenObj" tests="1" failures="0" timestamp="13 Jan 2020 16:58:21 GMT" time="3.165" errors="0">
  <testcase name="fetchcountrycode" time="3.165" classname="RestApiPractice.SpecificCurrenObj"/>
</testsuite> <!-- RestApiPractice.SpecificCurrenObj -->
