<?xml version="1.0" encoding="UTF-8"?>
<!-- Generated by org.testng.reporters.JUnitReportReporter -->
<testsuite hostname="DESKTOP-G5S1Q7S" name="RestApiPractice.PostRequest" tests="1" failures="0" timestamp="29 Dec 2019 11:18:03 GMT" time="2.052" errors="0">
  <testcase name="addData" time="2.052" classname="RestApiPractice.PostRequest"/>
</testsuite> <!-- RestApiPractice.PostRequest -->
