<?xml version="1.0" encoding="UTF-8"?>
<!-- Generated by org.testng.reporters.JUnitReportReporter -->
<testsuite hostname="DESKTOP-G5S1Q7S" name="RestApiPractice.FetchcurObjbasedonCountryCode" tests="1" failures="0" timestamp="19 Jan 2020 17:15:30 GMT" time="5.135" errors="0">
  <testcase name="fetch" time="5.135" classname="RestApiPractice.FetchcurObjbasedonCountryCode"/>
</testsuite> <!-- RestApiPractice.FetchcurObjbasedonCountryCode -->
