<?xml version="1.0" encoding="UTF-8"?>
<!-- Generated by org.testng.reporters.JUnitReportReporter -->
<testsuite hostname="DESKTOP-G5S1Q7S" name="RestApiPractice.Pathparmeter" tests="1" failures="0" timestamp="11 Jan 2020 03:51:43 GMT" time="5.165" errors="0">
  <testcase name="checkparameter" time="5.165" classname="RestApiPractice.Pathparmeter"/>
</testsuite> <!-- RestApiPractice.Pathparmeter -->
