<?xml version="1.0" encoding="UTF-8"?>
<!-- Generated by org.testng.reporters.JUnitReportReporter -->
<testsuite hostname="DESKTOP-G5S1Q7S" name="RestApiPractice.ResponseTimeAssertRestassured" tests="1" failures="0" timestamp="12 Jan 2020 09:19:50 GMT" time="3.328" errors="0">
  <testcase name="assertionTestForRespTime" time="3.328" classname="RestApiPractice.ResponseTimeAssertRestassured"/>
</testsuite> <!-- RestApiPractice.ResponseTimeAssertRestassured -->
