<?xml version="1.0" encoding="UTF-8"?>
<!-- Generated by org.testng.reporters.JUnitReportReporter -->
<testsuite hostname="DESKTOP-G5S1Q7S" name="RestApiPractice.TofetchAllCountrycode" tests="1" failures="0" timestamp="13 Jan 2020 16:55:22 GMT" time="2.938" errors="0">
  <testcase name="fetchcountrycode" time="2.938" classname="RestApiPractice.TofetchAllCountrycode"/>
</testsuite> <!-- RestApiPractice.TofetchAllCountrycode -->
