<?xml version="1.0" encoding="UTF-8"?>
<!-- Generated by org.testng.reporters.JUnitReportReporter -->
<testsuite hostname="DESKTOP-G5S1Q7S" name="RestApiPractice.PostBulkData" tests="1" failures="0" timestamp="11 Jan 2020 05:22:11 GMT" time="1.907" errors="0">
  <testcase name="addBulkDaata" time="1.907" classname="RestApiPractice.PostBulkData"/>
</testsuite> <!-- RestApiPractice.PostBulkData -->
