<?xml version="1.0" encoding="UTF-8"?>
<!-- Generated by org.testng.reporters.JUnitReportReporter -->
<testsuite hostname="DESKTOP-G5S1Q7S" name="RestApiPractice.PostEmployeeData" tests="1" failures="0" timestamp="4 Jan 2020 11:23:15 GMT" time="4.938" errors="0">
  <testcase name="addEmpData" time="4.938" classname="RestApiPractice.PostEmployeeData"/>
</testsuite> <!-- RestApiPractice.PostEmployeeData -->
